2023-02-14 10:36:34.802  INFO 18896 --- [main] c.o.mailsender.MailSenderApplication     : Starting MailSenderApplication using Java 17 on DESKTOP-NM0GCT7 with PID 18896 (D:\onwelo\mailsender\target\classes started by MSI in D:\onwelo\mailsender)
2023-02-14 10:36:34.802  INFO 18896 --- [main] c.o.mailsender.MailSenderApplication     : No active profile set, falling back to default profiles: default
2023-02-14 10:36:36.047  INFO 18896 --- [main] .s.d.r.c.RepositoryConfigurationDelegate : Bootstrapping Spring Data JPA repositories in DEFAULT mode.
2023-02-14 10:36:36.110  INFO 18896 --- [main] .s.d.r.c.RepositoryConfigurationDelegate : Finished Spring Data repository scanning in 51 ms. Found 1 JPA repository interfaces.
2023-02-14 10:36:37.141  INFO 18896 --- [main] o.s.b.w.embedded.tomcat.TomcatWebServer  : Tomcat initialized with port(s): 8081 (http)
2023-02-14 10:36:37.156  INFO 18896 --- [main] o.apache.catalina.core.StandardService   : Starting service [Tomcat]
2023-02-14 10:36:37.156  INFO 18896 --- [main] org.apache.catalina.core.StandardEngine  : Starting Servlet engine: [Apache Tomcat/9.0.56]
2023-02-14 10:36:37.313  INFO 18896 --- [main] o.a.c.c.C.[Tomcat].[localhost].[/]       : Initializing Spring embedded WebApplicationContext
2023-02-14 10:36:37.313  INFO 18896 --- [main] w.s.c.ServletWebServerApplicationContext : Root WebApplicationContext: initialization completed in 2434 ms
2023-02-14 10:36:37.375  INFO 18896 --- [main] com.zaxxer.hikari.HikariDataSource       : HikariPool-1 - Starting...
2023-02-14 10:36:37.607  INFO 18896 --- [main] com.zaxxer.hikari.HikariDataSource       : HikariPool-1 - Start completed.
2023-02-14 10:36:37.607  INFO 18896 --- [main] o.s.b.a.h2.H2ConsoleAutoConfiguration    : H2 console available at '/h2-console'. Database available at 'jdbc:h2:file:~/testb'
2023-02-14 10:36:37.857  INFO 18896 --- [main] o.hibernate.jpa.internal.util.LogHelper  : HHH000204: Processing PersistenceUnitInfo [name: default]
2023-02-14 10:36:37.951  INFO 18896 --- [main] org.hibernate.Version                    : HHH000412: Hibernate ORM core version 5.4.33
2023-02-14 10:36:38.129  INFO 18896 --- [main] o.hibernate.annotations.common.Version   : HCANN000001: Hibernate Commons Annotations {5.1.2.Final}
2023-02-14 10:36:38.189 DEBUG 18896 --- [main] org.hibernate.type.BasicTypeRegistry     : Adding type registration boolean -> org.hibernate.type.BooleanType@6658f08a
2023-02-14 10:36:38.189 DEBUG 18896 --- [main] org.hibernate.type.BasicTypeRegistry     : Adding type registration boolean -> org.hibernate.type.BooleanType@6658f08a
2023-02-14 10:36:38.189 DEBUG 18896 --- [main] org.hibernate.type.BasicTypeRegistry     : Adding type registration java.lang.Boolean -> org.hibernate.type.BooleanType@6658f08a
2023-02-14 10:36:38.189 DEBUG 18896 --- [main] org.hibernate.type.BasicTypeRegistry     : Adding type registration numeric_boolean -> org.hibernate.type.NumericBooleanType@64dfb31d
2023-02-14 10:36:38.189 DEBUG 18896 --- [main] org.hibernate.type.BasicTypeRegistry     : Adding type registration true_false -> org.hibernate.type.TrueFalseType@5da57a64
2023-02-14 10:36:38.198 DEBUG 18896 --- [main] org.hibernate.type.BasicTypeRegistry     : Adding type registration yes_no -> org.hibernate.type.YesNoType@1736c1e4
2023-02-14 10:36:38.198 DEBUG 18896 --- [main] org.hibernate.type.BasicTypeRegistry     : Adding type registration byte -> org.hibernate.type.ByteType@113eed88
2023-02-14 10:36:38.198 DEBUG 18896 --- [main] org.hibernate.type.BasicTypeRegistry     : Adding type registration byte -> org.hibernate.type.ByteType@113eed88
2023-02-14 10:36:38.198 DEBUG 18896 --- [main] org.hibernate.type.BasicTypeRegistry     : Adding type registration java.lang.Byte -> org.hibernate.type.ByteType@113eed88
2023-02-14 10:36:38.198 DEBUG 18896 --- [main] org.hibernate.type.BasicTypeRegistry     : Adding type registration character -> org.hibernate.type.CharacterType@71e2c6d8
2023-02-14 10:36:38.198 DEBUG 18896 --- [main] org.hibernate.type.BasicTypeRegistry     : Adding type registration char -> org.hibernate.type.CharacterType@71e2c6d8
2023-02-14 10:36:38.206 DEBUG 18896 --- [main] org.hibernate.type.BasicTypeRegistry     : Adding type registration java.lang.Character -> org.hibernate.type.CharacterType@71e2c6d8
2023-02-14 10:36:38.212 DEBUG 18896 --- [main] org.hibernate.type.BasicTypeRegistry     : Adding type registration short -> org.hibernate.type.ShortType@77ce88c4
2023-02-14 10:36:38.213 DEBUG 18896 --- [main] org.hibernate.type.BasicTypeRegistry     : Adding type registration short -> org.hibernate.type.ShortType@77ce88c4
2023-02-14 10:36:38.214 DEBUG 18896 --- [main] org.hibernate.type.BasicTypeRegistry     : Adding type registration java.lang.Short -> org.hibernate.type.ShortType@77ce88c4
2023-02-14 10:36:38.220 DEBUG 18896 --- [main] org.hibernate.type.BasicTypeRegistry     : Adding type registration integer -> org.hibernate.type.IntegerType@4ab66127
2023-02-14 10:36:38.220 DEBUG 18896 --- [main] org.hibernate.type.BasicTypeRegistry     : Adding type registration int -> org.hibernate.type.IntegerType@4ab66127
2023-02-14 10:36:38.221 DEBUG 18896 --- [main] org.hibernate.type.BasicTypeRegistry     : Adding type registration java.lang.Integer -> org.hibernate.type.IntegerType@4ab66127
2023-02-14 10:36:38.223 DEBUG 18896 --- [main] org.hibernate.type.BasicTypeRegistry     : Adding type registration long -> org.hibernate.type.LongType@46b5f061
2023-02-14 10:36:38.224 DEBUG 18896 --- [main] org.hibernate.type.BasicTypeRegistry     : Adding type registration long -> org.hibernate.type.LongType@46b5f061
2023-02-14 10:36:38.224 DEBUG 18896 --- [main] org.hibernate.type.BasicTypeRegistry     : Adding type registration java.lang.Long -> org.hibernate.type.LongType@46b5f061
2023-02-14 10:36:38.227 DEBUG 18896 --- [main] org.hibernate.type.BasicTypeRegistry     : Adding type registration float -> org.hibernate.type.FloatType@5f409872
2023-02-14 10:36:38.227 DEBUG 18896 --- [main] org.hibernate.type.BasicTypeRegistry     : Adding type registration float -> org.hibernate.type.FloatType@5f409872
2023-02-14 10:36:38.227 DEBUG 18896 --- [main] org.hibernate.type.BasicTypeRegistry     : Adding type registration java.lang.Float -> org.hibernate.type.FloatType@5f409872
2023-02-14 10:36:38.232 DEBUG 18896 --- [main] org.hibernate.type.BasicTypeRegistry     : Adding type registration double -> org.hibernate.type.DoubleType@2a6fb62f
2023-02-14 10:36:38.233 DEBUG 18896 --- [main] org.hibernate.type.BasicTypeRegistry     : Adding type registration double -> org.hibernate.type.DoubleType@2a6fb62f
2023-02-14 10:36:38.233 DEBUG 18896 --- [main] org.hibernate.type.BasicTypeRegistry     : Adding type registration java.lang.Double -> org.hibernate.type.DoubleType@2a6fb62f
2023-02-14 10:36:38.235 DEBUG 18896 --- [main] org.hibernate.type.BasicTypeRegistry     : Adding type registration big_decimal -> org.hibernate.type.BigDecimalType@3356ff58
2023-02-14 10:36:38.236 DEBUG 18896 --- [main] org.hibernate.type.BasicTypeRegistry     : Adding type registration java.math.BigDecimal -> org.hibernate.type.BigDecimalType@3356ff58
2023-02-14 10:36:38.238 DEBUG 18896 --- [main] org.hibernate.type.BasicTypeRegistry     : Adding type registration big_integer -> org.hibernate.type.BigIntegerType@48a46b0f
2023-02-14 10:36:38.239 DEBUG 18896 --- [main] org.hibernate.type.BasicTypeRegistry     : Adding type registration java.math.BigInteger -> org.hibernate.type.BigIntegerType@48a46b0f
2023-02-14 10:36:38.241 DEBUG 18896 --- [main] org.hibernate.type.BasicTypeRegistry     : Adding type registration string -> org.hibernate.type.StringType@d16209e
2023-02-14 10:36:38.241 DEBUG 18896 --- [main] org.hibernate.type.BasicTypeRegistry     : Adding type registration java.lang.String -> org.hibernate.type.StringType@d16209e
2023-02-14 10:36:38.244 DEBUG 18896 --- [main] org.hibernate.type.BasicTypeRegistry     : Adding type registration nstring -> org.hibernate.type.StringNVarcharType@51af8049
2023-02-14 10:36:38.246 DEBUG 18896 --- [main] org.hibernate.type.BasicTypeRegistry     : Adding type registration ncharacter -> org.hibernate.type.CharacterNCharType@40016ce1
2023-02-14 10:36:38.249 DEBUG 18896 --- [main] org.hibernate.type.BasicTypeRegistry     : Adding type registration url -> org.hibernate.type.UrlType@3b39e79b
2023-02-14 10:36:38.250 DEBUG 18896 --- [main] org.hibernate.type.BasicTypeRegistry     : Adding type registration java.net.URL -> org.hibernate.type.UrlType@3b39e79b
2023-02-14 10:36:38.252 DEBUG 18896 --- [main] org.hibernate.type.BasicTypeRegistry     : Adding type registration Duration -> org.hibernate.type.DurationType@3386c206
2023-02-14 10:36:38.253 DEBUG 18896 --- [main] org.hibernate.type.BasicTypeRegistry     : Adding type registration java.time.Duration -> org.hibernate.type.DurationType@3386c206
2023-02-14 10:36:38.256 DEBUG 18896 --- [main] org.hibernate.type.BasicTypeRegistry     : Adding type registration Instant -> org.hibernate.type.InstantType@1a17dd6f
2023-02-14 10:36:38.256 DEBUG 18896 --- [main] org.hibernate.type.BasicTypeRegistry     : Adding type registration java.time.Instant -> org.hibernate.type.InstantType@1a17dd6f
2023-02-14 10:36:38.259 DEBUG 18896 --- [main] org.hibernate.type.BasicTypeRegistry     : Adding type registration LocalDateTime -> org.hibernate.type.LocalDateTimeType@41e8d917
2023-02-14 10:36:38.260 DEBUG 18896 --- [main] org.hibernate.type.BasicTypeRegistry     : Adding type registration java.time.LocalDateTime -> org.hibernate.type.LocalDateTimeType@41e8d917
2023-02-14 10:36:38.262 DEBUG 18896 --- [main] org.hibernate.type.BasicTypeRegistry     : Adding type registration LocalDate -> org.hibernate.type.LocalDateType@64b73e0a
2023-02-14 10:36:38.263 DEBUG 18896 --- [main] org.hibernate.type.BasicTypeRegistry     : Adding type registration java.time.LocalDate -> org.hibernate.type.LocalDateType@64b73e0a
2023-02-14 10:36:38.265 DEBUG 18896 --- [main] org.hibernate.type.BasicTypeRegistry     : Adding type registration LocalTime -> org.hibernate.type.LocalTimeType@68e24e7
2023-02-14 10:36:38.266 DEBUG 18896 --- [main] org.hibernate.type.BasicTypeRegistry     : Adding type registration java.time.LocalTime -> org.hibernate.type.LocalTimeType@68e24e7
2023-02-14 10:36:38.269 DEBUG 18896 --- [main] org.hibernate.type.BasicTypeRegistry     : Adding type registration OffsetDateTime -> org.hibernate.type.OffsetDateTimeType@45d389f2
2023-02-14 10:36:38.270 DEBUG 18896 --- [main] org.hibernate.type.BasicTypeRegistry     : Adding type registration java.time.OffsetDateTime -> org.hibernate.type.OffsetDateTimeType@45d389f2
2023-02-14 10:36:38.274 DEBUG 18896 --- [main] org.hibernate.type.BasicTypeRegistry     : Adding type registration OffsetTime -> org.hibernate.type.OffsetTimeType@60a01cb
2023-02-14 10:36:38.274 DEBUG 18896 --- [main] org.hibernate.type.BasicTypeRegistry     : Adding type registration java.time.OffsetTime -> org.hibernate.type.OffsetTimeType@60a01cb
2023-02-14 10:36:38.278 DEBUG 18896 --- [main] org.hibernate.type.BasicTypeRegistry     : Adding type registration ZonedDateTime -> org.hibernate.type.ZonedDateTimeType@14be750c
2023-02-14 10:36:38.278 DEBUG 18896 --- [main] org.hibernate.type.BasicTypeRegistry     : Adding type registration java.time.ZonedDateTime -> org.hibernate.type.ZonedDateTimeType@14be750c
2023-02-14 10:36:38.282 DEBUG 18896 --- [main] org.hibernate.type.BasicTypeRegistry     : Adding type registration date -> org.hibernate.type.DateType@598657cd
2023-02-14 10:36:38.282 DEBUG 18896 --- [main] org.hibernate.type.BasicTypeRegistry     : Adding type registration java.sql.Date -> org.hibernate.type.DateType@598657cd
2023-02-14 10:36:38.285 DEBUG 18896 --- [main] org.hibernate.type.BasicTypeRegistry     : Adding type registration time -> org.hibernate.type.TimeType@51f01535
2023-02-14 10:36:38.285 DEBUG 18896 --- [main] org.hibernate.type.BasicTypeRegistry     : Adding type registration java.sql.Time -> org.hibernate.type.TimeType@51f01535
2023-02-14 10:36:38.289 DEBUG 18896 --- [main] org.hibernate.type.BasicTypeRegistry     : Adding type registration timestamp -> org.hibernate.type.TimestampType@49190ed6
2023-02-14 10:36:38.290 DEBUG 18896 --- [main] org.hibernate.type.BasicTypeRegistry     : Adding type registration java.sql.Timestamp -> org.hibernate.type.TimestampType@49190ed6
2023-02-14 10:36:38.291 DEBUG 18896 --- [main] org.hibernate.type.BasicTypeRegistry     : Adding type registration java.util.Date -> org.hibernate.type.TimestampType@49190ed6
2023-02-14 10:36:38.295 DEBUG 18896 --- [main] org.hibernate.type.BasicTypeRegistry     : Adding type registration dbtimestamp -> org.hibernate.type.DbTimestampType@2b7774d5
2023-02-14 10:36:38.297 DEBUG 18896 --- [main] org.hibernate.type.BasicTypeRegistry     : Adding type registration calendar -> org.hibernate.type.CalendarType@d62472f
2023-02-14 10:36:38.297 DEBUG 18896 --- [main] org.hibernate.type.BasicTypeRegistry     : Adding type registration java.util.Calendar -> org.hibernate.type.CalendarType@d62472f
2023-02-14 10:36:38.298 DEBUG 18896 --- [main] org.hibernate.type.BasicTypeRegistry     : Adding type registration java.util.GregorianCalendar -> org.hibernate.type.CalendarType@d62472f
2023-02-14 10:36:38.299 DEBUG 18896 --- [main] org.hibernate.type.BasicTypeRegistry     : Adding type registration calendar_date -> org.hibernate.type.CalendarDateType@27896d3b
2023-02-14 10:36:38.302 DEBUG 18896 --- [main] org.hibernate.type.BasicTypeRegistry     : Adding type registration calendar_time -> org.hibernate.type.CalendarTimeType@69ba3f4e
2023-02-14 10:36:38.303 DEBUG 18896 --- [main] org.hibernate.type.BasicTypeRegistry     : Adding type registration locale -> org.hibernate.type.LocaleType@30517a57
2023-02-14 10:36:38.303 DEBUG 18896 --- [main] org.hibernate.type.BasicTypeRegistry     : Adding type registration java.util.Locale -> org.hibernate.type.LocaleType@30517a57
2023-02-14 10:36:38.304 DEBUG 18896 --- [main] org.hibernate.type.BasicTypeRegistry     : Adding type registration currency -> org.hibernate.type.CurrencyType@1ccdc7aa
2023-02-14 10:36:38.305 DEBUG 18896 --- [main] org.hibernate.type.BasicTypeRegistry     : Adding type registration java.util.Currency -> org.hibernate.type.CurrencyType@1ccdc7aa
2023-02-14 10:36:38.306 DEBUG 18896 --- [main] org.hibernate.type.BasicTypeRegistry     : Adding type registration timezone -> org.hibernate.type.TimeZoneType@7996d0d4
2023-02-14 10:36:38.306 DEBUG 18896 --- [main] org.hibernate.type.BasicTypeRegistry     : Adding type registration java.util.TimeZone -> org.hibernate.type.TimeZoneType@7996d0d4
2023-02-14 10:36:38.307 DEBUG 18896 --- [main] org.hibernate.type.BasicTypeRegistry     : Adding type registration class -> org.hibernate.type.ClassType@48cf8414
2023-02-14 10:36:38.308 DEBUG 18896 --- [main] org.hibernate.type.BasicTypeRegistry     : Adding type registration java.lang.Class -> org.hibernate.type.ClassType@48cf8414
2023-02-14 10:36:38.311 DEBUG 18896 --- [main] org.hibernate.type.BasicTypeRegistry     : Adding type registration uuid-binary -> org.hibernate.type.UUIDBinaryType@793cef95
2023-02-14 10:36:38.311 DEBUG 18896 --- [main] org.hibernate.type.BasicTypeRegistry     : Adding type registration java.util.UUID -> org.hibernate.type.UUIDBinaryType@793cef95
2023-02-14 10:36:38.312 DEBUG 18896 --- [main] org.hibernate.type.BasicTypeRegistry     : Adding type registration uuid-char -> org.hibernate.type.UUIDCharType@79f1e22e
2023-02-14 10:36:38.314 DEBUG 18896 --- [main] org.hibernate.type.BasicTypeRegistry     : Adding type registration binary -> org.hibernate.type.BinaryType@77c23d90
2023-02-14 10:36:38.315 DEBUG 18896 --- [main] org.hibernate.type.BasicTypeRegistry     : Adding type registration byte[] -> org.hibernate.type.BinaryType@77c23d90
2023-02-14 10:36:38.315 DEBUG 18896 --- [main] org.hibernate.type.BasicTypeRegistry     : Adding type registration [B -> org.hibernate.type.BinaryType@77c23d90
2023-02-14 10:36:38.318 DEBUG 18896 --- [main] org.hibernate.type.BasicTypeRegistry     : Adding type registration wrapper-binary -> org.hibernate.type.WrapperBinaryType@3d033453
2023-02-14 10:36:38.319 DEBUG 18896 --- [main] org.hibernate.type.BasicTypeRegistry     : Adding type registration Byte[] -> org.hibernate.type.WrapperBinaryType@3d033453
2023-02-14 10:36:38.319 DEBUG 18896 --- [main] org.hibernate.type.BasicTypeRegistry     : Adding type registration [Ljava.lang.Byte; -> org.hibernate.type.WrapperBinaryType@3d033453
2023-02-14 10:36:38.322 DEBUG 18896 --- [main] org.hibernate.type.BasicTypeRegistry     : Adding type registration row_version -> org.hibernate.type.RowVersionType@5eeee124
2023-02-14 10:36:38.323 DEBUG 18896 --- [main] org.hibernate.type.BasicTypeRegistry     : Adding type registration image -> org.hibernate.type.ImageType@67b5e613
2023-02-14 10:36:38.326 DEBUG 18896 --- [main] org.hibernate.type.BasicTypeRegistry     : Adding type registration characters -> org.hibernate.type.CharArrayType@b94703b
2023-02-14 10:36:38.327 DEBUG 18896 --- [main] org.hibernate.type.BasicTypeRegistry     : Adding type registration char[] -> org.hibernate.type.CharArrayType@b94703b
2023-02-14 10:36:38.327 DEBUG 18896 --- [main] org.hibernate.type.BasicTypeRegistry     : Adding type registration [C -> org.hibernate.type.CharArrayType@b94703b
2023-02-14 10:36:38.329 DEBUG 18896 --- [main] org.hibernate.type.BasicTypeRegistry     : Adding type registration wrapper-characters -> org.hibernate.type.CharacterArrayType@6d7b2319
2023-02-14 10:36:38.329 DEBUG 18896 --- [main] org.hibernate.type.BasicTypeRegistry     : Adding type registration [Ljava.lang.Character; -> org.hibernate.type.CharacterArrayType@6d7b2319
2023-02-14 10:36:38.330 DEBUG 18896 --- [main] org.hibernate.type.BasicTypeRegistry     : Adding type registration Character[] -> org.hibernate.type.CharacterArrayType@6d7b2319
2023-02-14 10:36:38.332 DEBUG 18896 --- [main] org.hibernate.type.BasicTypeRegistry     : Adding type registration text -> org.hibernate.type.TextType@e972ee1
2023-02-14 10:36:38.333 DEBUG 18896 --- [main] org.hibernate.type.BasicTypeRegistry     : Adding type registration ntext -> org.hibernate.type.NTextType@67a8bcbb
2023-02-14 10:36:38.336 DEBUG 18896 --- [main] org.hibernate.type.BasicTypeRegistry     : Adding type registration blob -> org.hibernate.type.BlobType@29090809
2023-02-14 10:36:38.337 DEBUG 18896 --- [main] org.hibernate.type.BasicTypeRegistry     : Adding type registration java.sql.Blob -> org.hibernate.type.BlobType@29090809
2023-02-14 10:36:38.338 DEBUG 18896 --- [main] org.hibernate.type.BasicTypeRegistry     : Adding type registration materialized_blob -> org.hibernate.type.MaterializedBlobType@7c3c453b
2023-02-14 10:36:38.341 DEBUG 18896 --- [main] org.hibernate.type.BasicTypeRegistry     : Adding type registration clob -> org.hibernate.type.ClobType@5df92089
2023-02-14 10:36:38.342 DEBUG 18896 --- [main] org.hibernate.type.BasicTypeRegistry     : Adding type registration java.sql.Clob -> org.hibernate.type.ClobType@5df92089
2023-02-14 10:36:38.346 DEBUG 18896 --- [main] org.hibernate.type.BasicTypeRegistry     : Adding type registration nclob -> org.hibernate.type.NClobType@2499b971
2023-02-14 10:36:38.346 DEBUG 18896 --- [main] org.hibernate.type.BasicTypeRegistry     : Adding type registration java.sql.NClob -> org.hibernate.type.NClobType@2499b971
2023-02-14 10:36:38.347 DEBUG 18896 --- [main] org.hibernate.type.BasicTypeRegistry     : Adding type registration materialized_clob -> org.hibernate.type.MaterializedClobType@58e03769
2023-02-14 10:36:38.348 DEBUG 18896 --- [main] org.hibernate.type.BasicTypeRegistry     : Adding type registration materialized_nclob -> org.hibernate.type.MaterializedNClobType@58739e5e
2023-02-14 10:36:38.350 DEBUG 18896 --- [main] org.hibernate.type.BasicTypeRegistry     : Adding type registration serializable -> org.hibernate.type.SerializableType@27d73d22
2023-02-14 10:36:38.357 DEBUG 18896 --- [main] org.hibernate.type.BasicTypeRegistry     : Adding type registration object -> org.hibernate.type.ObjectType@7893c715
2023-02-14 10:36:38.358 DEBUG 18896 --- [main] org.hibernate.type.BasicTypeRegistry     : Adding type registration java.lang.Object -> org.hibernate.type.ObjectType@7893c715
2023-02-14 10:36:38.359 DEBUG 18896 --- [main] org.hibernate.type.BasicTypeRegistry     : Adding type registration imm_date -> org.hibernate.type.AdaptedImmutableType@1bfa5a13
2023-02-14 10:36:38.360 DEBUG 18896 --- [main] org.hibernate.type.BasicTypeRegistry     : Adding type registration imm_time -> org.hibernate.type.AdaptedImmutableType@1b1e1f02
2023-02-14 10:36:38.360 DEBUG 18896 --- [main] org.hibernate.type.BasicTypeRegistry     : Adding type registration imm_timestamp -> org.hibernate.type.AdaptedImmutableType@1da75dde
2023-02-14 10:36:38.360 DEBUG 18896 --- [main] org.hibernate.type.BasicTypeRegistry     : Adding type registration imm_dbtimestamp -> org.hibernate.type.AdaptedImmutableType@5c5f0edc
2023-02-14 10:36:38.361 DEBUG 18896 --- [main] org.hibernate.type.BasicTypeRegistry     : Adding type registration imm_calendar -> org.hibernate.type.AdaptedImmutableType@153cfd86
2023-02-14 10:36:38.361 DEBUG 18896 --- [main] org.hibernate.type.BasicTypeRegistry     : Adding type registration imm_calendar_date -> org.hibernate.type.AdaptedImmutableType@7e31062c
2023-02-14 10:36:38.361 DEBUG 18896 --- [main] org.hibernate.type.BasicTypeRegistry     : Adding type registration imm_binary -> org.hibernate.type.AdaptedImmutableType@595fed99
2023-02-14 10:36:38.361 DEBUG 18896 --- [main] org.hibernate.type.BasicTypeRegistry     : Adding type registration imm_serializable -> org.hibernate.type.AdaptedImmutableType@7d522180
2023-02-14 10:36:38.489  INFO 18896 --- [main] org.hibernate.dialect.Dialect            : HHH000400: Using dialect: org.hibernate.dialect.H2Dialect
2023-02-14 10:36:38.632 DEBUG 18896 --- [main] o.h.type.spi.TypeConfiguration$Scope     : Scoping TypeConfiguration [org.hibernate.type.spi.TypeConfiguration@5f0d8937] to MetadataBuildingContext [org.hibernate.boot.internal.MetadataBuildingContextRootImpl@105dc04d]
2023-02-14 10:36:38.898 DEBUG 18896 --- [main] o.h.type.spi.TypeConfiguration$Scope     : Scoping TypeConfiguration [org.hibernate.type.spi.TypeConfiguration@5f0d8937] to SessionFactoryImpl [org.hibernate.internal.SessionFactoryImpl@72f3acc9]
2023-02-14 10:36:39.165  INFO 18896 --- [main] o.h.e.t.j.p.i.JtaPlatformInitiator       : HHH000490: Using JtaPlatform implementation: [org.hibernate.engine.transaction.jta.platform.internal.NoJtaPlatform]
2023-02-14 10:36:39.191 TRACE 18896 --- [main] o.h.type.spi.TypeConfiguration$Scope     : Handling #sessionFactoryCreated from [org.hibernate.internal.SessionFactoryImpl@72f3acc9] for TypeConfiguration
2023-02-14 10:36:39.191  INFO 18896 --- [main] j.LocalContainerEntityManagerFactoryBean : Initialized JPA EntityManagerFactory for persistence unit 'default'
2023-02-14 10:36:39.440 DEBUG 18896 --- [main] o.h.stat.internal.StatisticsInitiator    : Statistics initialized [enabled=true]
2023-02-14 10:36:39.448  INFO 18896 --- [main] i.StatisticalLoggingSessionEventListener : Session Metrics {
    0 nanoseconds spent acquiring 0 JDBC connections;
    0 nanoseconds spent releasing 0 JDBC connections;
    0 nanoseconds spent preparing 0 JDBC statements;
    0 nanoseconds spent executing 0 JDBC statements;
    0 nanoseconds spent executing 0 JDBC batches;
    0 nanoseconds spent performing 0 L2C puts;
    0 nanoseconds spent performing 0 L2C hits;
    0 nanoseconds spent performing 0 L2C misses;
    0 nanoseconds spent executing 0 flushes (flushing a total of 0 entities and 0 collections);
    0 nanoseconds spent executing 0 partial-flushes (flushing a total of 0 entities and 0 collections)
}
2023-02-14 10:36:39.448  INFO 18896 --- [main] i.StatisticalLoggingSessionEventListener : Session Metrics {
    0 nanoseconds spent acquiring 0 JDBC connections;
    0 nanoseconds spent releasing 0 JDBC connections;
    0 nanoseconds spent preparing 0 JDBC statements;
    0 nanoseconds spent executing 0 JDBC statements;
    0 nanoseconds spent executing 0 JDBC batches;
    0 nanoseconds spent performing 0 L2C puts;
    0 nanoseconds spent performing 0 L2C hits;
    0 nanoseconds spent performing 0 L2C misses;
    0 nanoseconds spent executing 0 flushes (flushing a total of 0 entities and 0 collections);
    0 nanoseconds spent executing 0 partial-flushes (flushing a total of 0 entities and 0 collections)
}
2023-02-14 10:36:39.515  INFO 18896 --- [main] i.StatisticalLoggingSessionEventListener : Session Metrics {
    0 nanoseconds spent acquiring 0 JDBC connections;
    0 nanoseconds spent releasing 0 JDBC connections;
    0 nanoseconds spent preparing 0 JDBC statements;
    0 nanoseconds spent executing 0 JDBC statements;
    0 nanoseconds spent executing 0 JDBC batches;
    0 nanoseconds spent performing 0 L2C puts;
    0 nanoseconds spent performing 0 L2C hits;
    0 nanoseconds spent performing 0 L2C misses;
    0 nanoseconds spent executing 0 flushes (flushing a total of 0 entities and 0 collections);
    0 nanoseconds spent executing 0 partial-flushes (flushing a total of 0 entities and 0 collections)
}
2023-02-14 10:36:40.031  WARN 18896 --- [main] JpaBaseConfiguration$JpaWebConfiguration : spring.jpa.open-in-view is enabled by default. Therefore, database queries may be performed during view rendering. Explicitly configure spring.jpa.open-in-view to disable this warning
2023-02-14 10:36:41.273  INFO 18896 --- [main] o.s.b.w.embedded.tomcat.TomcatWebServer  : Tomcat started on port(s): 8081 (http) with context path ''
2023-02-14 10:36:41.570  INFO 18896 --- [main] c.o.mailsender.MailSenderApplication     : Started MailSenderApplication in 7.417 seconds (JVM running for 7.904)
